<?xml version="1.0" encoding="UTF-8"?>
<testng-results skipped="0" failed="0" total="1" passed="1">
  <reporter-output>
  </reporter-output>
  <suite name="Default suite" duration-ms="84789" started-at="2015-03-14T21:03:08Z" finished-at="2015-03-14T21:04:33Z">
    <groups>
    </groups>
    <test name="Default test" duration-ms="84789" started-at="2015-03-14T21:03:08Z" finished-at="2015-03-14T21:04:33Z">
      <class name="test.TestCreateAccount">
        <test-method status="PASS" signature="setup()[pri:0, instance:test.TestCreateAccount@cf57e3]" name="setup" is-config="true" duration-ms="32751" started-at="2015-03-15T02:33:08Z" finished-at="2015-03-15T02:33:41Z">
          <reporter-output>
          </reporter-output>
        </test-method> <!-- setup -->
        <test-method status="PASS" signature="test_Account_Creation()[pri:0, instance:test.TestCreateAccount@cf57e3]" name="test_Account_Creation" duration-ms="51678" started-at="2015-03-15T02:33:41Z" finished-at="2015-03-15T02:34:33Z">
          <reporter-output>
          </reporter-output>
        </test-method> <!-- test_Account_Creation -->
      </class> <!-- test.TestCreateAccount -->
    </test> <!-- Default test -->
  </suite> <!-- Default suite -->
</testng-results>
