<?xml version="1.0" encoding="UTF-8"?>
<!-- Generated by org.testng.reporters.JUnitXMLReporter -->
<testsuite hostname="iDiya" name="Default test" tests="9" failures="0" timestamp="14 Apr 2015 10:12:19 GMT" time="240.644" errors="0">
  <testcase name="product_search" time="23.123" classname="test.TestAmazonOnline"/>
  <testcase name="select_product" time="4.234" classname="test.TestAmazonOnline"/>
  <testcase name="order_product" time="62.618" classname="test.TestAmazonOnline"/>
  <testcase name="edit_order_product" time="5.236" classname="test.TestAmazonOnline"/>
  <testcase name="edit_shopping_basket" time="21.711" classname="test.TestAmazonOnline"/>
  <testcase name="customer_signin" time="5.138" classname="test.TestAmazonOnline"/>
  <testcase name="customer_registration" time="15.422" classname="test.TestAmazonOnline"/>
  <testcase name="customer_address" time="14.952" classname="test.TestAmazonOnline"/>
  <testcase name="customer_delivery" time="1.998" classname="test.TestAmazonOnline"/>
</testsuite> <!-- Default test -->
